<?xml version="1.0" encoding="UTF-8"?>
<testng-results skipped="0" failed="0" ignored="0" total="1" passed="1">
  <reporter-output>
  </reporter-output>
  <suite name="Suite" duration-ms="33346" started-at="2020-12-11T06:00:46Z" finished-at="2020-12-11T06:01:20Z">
    <groups>
      <group name="cucumber">
        <method signature="AbstractTestNGCucumberTests.feature(cucumber.api.testng.CucumberFeatureWrapper)[pri:0, instance:runnerpkg.runnercls@204f30ec]" name="feature" class="cucumber.api.testng.AbstractTestNGCucumberTests"/>
      </group> <!-- cucumber -->
    </groups>
    <test name="Test" duration-ms="33346" started-at="2020-12-11T06:00:46Z" finished-at="2020-12-11T06:01:20Z">
      <class name="runnerpkg.runnercls">
        <test-method status="PASS" signature="setUpClass()[pri:0, instance:runnerpkg.runnercls@204f30ec]" name="setUpClass" is-config="true" duration-ms="160" started-at="2020-12-11T00:00:46Z" finished-at="2020-12-11T00:00:47Z">
          <reporter-output>
          </reporter-output>
        </test-method> <!-- setUpClass -->
        <test-method status="PASS" signature="feature(cucumber.api.testng.CucumberFeatureWrapper)[pri:0, instance:runnerpkg.runnercls@204f30ec]" name="feature" duration-ms="33111" started-at="2020-12-11T00:00:47Z" description="Runs Cucumber Feature" data-provider="features" finished-at="2020-12-11T00:01:20Z">
          <params>
            <param index="0">
              <value>
                <![CDATA[To create and validate a new user created in E-learn application]]>
              </value>
            </param>
          </params>
          <reporter-output>
          </reporter-output>
        </test-method> <!-- feature -->
        <test-method status="PASS" signature="tearDownClass()[pri:0, instance:runnerpkg.runnercls@204f30ec]" name="tearDownClass" is-config="true" duration-ms="7" started-at="2020-12-11T00:01:20Z" finished-at="2020-12-11T00:01:20Z">
          <reporter-output>
          </reporter-output>
        </test-method> <!-- tearDownClass -->
      </class> <!-- runnerpkg.runnercls -->
    </test> <!-- Test -->
  </suite> <!-- Suite -->
</testng-results>
